<?xml version="1.0" encoding="UTF-8"?>
<testng-results ignored="0" total="10" passed="5" failed="5" skipped="0">
  <reporter-output>
  </reporter-output>
  <suite started-at="2019-12-25T06:47:29Z" name="Suite" finished-at="2019-12-25T06:58:18Z" duration-ms="648739">
    <groups>
    </groups>
    <test started-at="2019-12-25T06:47:29Z" name="Test" finished-at="2019-12-25T06:58:18Z" duration-ms="648739">
      <class name="Asgard.LoginPage">
        <test-method signature="ALogin(java.lang.String, java.lang.String, java.lang.String, java.lang.String, java.lang.String, java.lang.String, java.lang.String, java.lang.String, java.lang.String, java.lang.String, java.lang.String, java.lang.String)[pri:0, instance:Asgard.LoginPage@42a15bdc]" started-at="2019-12-25T06:47:29Z" name="ALogin" description="Verify that user is able to login to Asgard with valid credentials" data-provider="getData" finished-at="2019-12-25T06:48:01Z" duration-ms="31701" status="PASS">
          <params>
            <param index="0">
              <value>
                <![CDATA[viral.p@milestoneinternet.com]]>
              </value>
            </param>
            <param index="1">
              <value>
                <![CDATA[New@1212]]>
              </value>
            </param>
            <param index="2">
              <value>
                <![CDATA[https://u-asgard.azurewebsites.net/account/login]]>
              </value>
            </param>
            <param index="3">
              <value>
                <![CDATA[https://u-asgard.azurewebsites.net/dashboard]]>
              </value>
            </param>
            <param index="4">
              <value>
                <![CDATA[New Business]]>
              </value>
            </param>
            <param index="5">
              <value>
                <![CDATA[14569884]]>
              </value>
            </param>
            <param index="6">
              <value>
                <![CDATA[New Hotel Los Gatos]]>
              </value>
            </param>
            <param index="7">
              <value>
                <![CDATA[Auto]]>
              </value>
            </param>
            <param index="8">
              <value>
                <![CDATA[tuv@gmail.com]]>
              </value>
            </param>
            <param index="9">
              <value>
                <![CDATA[AutoFN]]>
              </value>
            </param>
            <param index="10">
              <value>
                <![CDATA[AutoLN]]>
              </value>
            </param>
            <param index="11">
              <value>
                <![CDATA[Accounting]]>
              </value>
            </param>
          </params>
          <reporter-output>
          </reporter-output>
        </test-method> <!-- ALogin -->
        <test-method signature="BLogout(java.lang.String, java.lang.String, java.lang.String, java.lang.String, java.lang.String, java.lang.String, java.lang.String, java.lang.String, java.lang.String, java.lang.String, java.lang.String, java.lang.String)[pri:0, instance:Asgard.LoginPage@42a15bdc]" started-at="2019-12-25T06:48:01Z" name="BLogout" description="Verify that user is able to Logout correctly" data-provider="getData" finished-at="2019-12-25T06:48:36Z" duration-ms="35832" status="PASS">
          <params>
            <param index="0">
              <value>
                <![CDATA[viral.p@milestoneinternet.com]]>
              </value>
            </param>
            <param index="1">
              <value>
                <![CDATA[New@1212]]>
              </value>
            </param>
            <param index="2">
              <value>
                <![CDATA[https://u-asgard.azurewebsites.net/account/login]]>
              </value>
            </param>
            <param index="3">
              <value>
                <![CDATA[https://u-asgard.azurewebsites.net/dashboard]]>
              </value>
            </param>
            <param index="4">
              <value>
                <![CDATA[New Business]]>
              </value>
            </param>
            <param index="5">
              <value>
                <![CDATA[14569884]]>
              </value>
            </param>
            <param index="6">
              <value>
                <![CDATA[New Hotel Los Gatos]]>
              </value>
            </param>
            <param index="7">
              <value>
                <![CDATA[Auto]]>
              </value>
            </param>
            <param index="8">
              <value>
                <![CDATA[tuv@gmail.com]]>
              </value>
            </param>
            <param index="9">
              <value>
                <![CDATA[AutoFN]]>
              </value>
            </param>
            <param index="10">
              <value>
                <![CDATA[AutoLN]]>
              </value>
            </param>
            <param index="11">
              <value>
                <![CDATA[Accounting]]>
              </value>
            </param>
          </params>
          <reporter-output>
          </reporter-output>
        </test-method> <!-- BLogout -->
        <test-method signature="CCreateBusiness(java.lang.String, java.lang.String, java.lang.String, java.lang.String, java.lang.String, java.lang.String, java.lang.String, java.lang.String, java.lang.String, java.lang.String, java.lang.String, java.lang.String)[pri:0, instance:Asgard.LoginPage@42a15bdc]" started-at="2019-12-25T06:48:36Z" name="CCreateBusiness" description="Verify that user is able to create business" data-provider="getData" finished-at="2019-12-25T06:49:28Z" duration-ms="52014" status="FAIL">
          <params>
            <param index="0">
              <value>
                <![CDATA[viral.p@milestoneinternet.com]]>
              </value>
            </param>
            <param index="1">
              <value>
                <![CDATA[New@1212]]>
              </value>
            </param>
            <param index="2">
              <value>
                <![CDATA[https://u-asgard.azurewebsites.net/account/login]]>
              </value>
            </param>
            <param index="3">
              <value>
                <![CDATA[https://u-asgard.azurewebsites.net/dashboard]]>
              </value>
            </param>
            <param index="4">
              <value>
                <![CDATA[New Business]]>
              </value>
            </param>
            <param index="5">
              <value>
                <![CDATA[14569884]]>
              </value>
            </param>
            <param index="6">
              <value>
                <![CDATA[New Hotel Los Gatos]]>
              </value>
            </param>
            <param index="7">
              <value>
                <![CDATA[Auto]]>
              </value>
            </param>
            <param index="8">
              <value>
                <![CDATA[tuv@gmail.com]]>
              </value>
            </param>
            <param index="9">
              <value>
                <![CDATA[AutoFN]]>
              </value>
            </param>
            <param index="10">
              <value>
                <![CDATA[AutoLN]]>
              </value>
            </param>
            <param index="11">
              <value>
                <![CDATA[Accounting]]>
              </value>
            </param>
          </params>
          <exception class="org.openqa.selenium.NoSuchElementException">
            <message>
              <![CDATA[no such element: Unable to locate element: {"method":"xpath","selector":"//*[@id='page-content-wrapper']/div/div[1]/div[1]/h4"}
  (Session info: chrome=79.0.3945.79)
For documentation on this error, please visit: https://www.seleniumhq.org/exceptions/no_such_element.html
Build info: version: '3.141.59', revision: 'e82be7d358', time: '2018-11-14T08:17:03'
System info: host: 'MSI-C165', ip: '192.168.3.170', os.name: 'Windows 10', os.arch: 'amd64', os.version: '10.0', java.version: '13.0.1'
Driver info: org.openqa.selenium.chrome.ChromeDriver
Capabilities {acceptInsecureCerts: false, browserName: chrome, browserVersion: 79.0.3945.79, chrome: {chromedriverVersion: 78.0.3904.70 (edb9c9f3de024..., userDataDir: C:\Users\viral.p\AppData\Lo...}, goog:chromeOptions: {debuggerAddress: localhost:61503}, javascriptEnabled: true, networkConnectionEnabled: false, pageLoadStrategy: normal, platform: XP, platformName: XP, proxy: Proxy(), setWindowRect: true, strictFileInteractability: false, timeouts: {implicit: 0, pageLoad: 300000, script: 30000}, unhandledPromptBehavior: dismiss and notify}
Session ID: 39e40464ee7f79ebf3846f79702d9a59
*** Element info: {Using=xpath, value=//*[@id='page-content-wrapper']/div/div[1]/div[1]/h4}]]>
            </message>
            <full-stacktrace>
              <![CDATA[org.openqa.selenium.NoSuchElementException: no such element: Unable to locate element: {"method":"xpath","selector":"//*[@id='page-content-wrapper']/div/div[1]/div[1]/h4"}
  (Session info: chrome=79.0.3945.79)
For documentation on this error, please visit: https://www.seleniumhq.org/exceptions/no_such_element.html
Build info: version: '3.141.59', revision: 'e82be7d358', time: '2018-11-14T08:17:03'
System info: host: 'MSI-C165', ip: '192.168.3.170', os.name: 'Windows 10', os.arch: 'amd64', os.version: '10.0', java.version: '13.0.1'
Driver info: org.openqa.selenium.chrome.ChromeDriver
Capabilities {acceptInsecureCerts: false, browserName: chrome, browserVersion: 79.0.3945.79, chrome: {chromedriverVersion: 78.0.3904.70 (edb9c9f3de024..., userDataDir: C:\Users\viral.p\AppData\Lo...}, goog:chromeOptions: {debuggerAddress: localhost:61503}, javascriptEnabled: true, networkConnectionEnabled: false, pageLoadStrategy: normal, platform: XP, platformName: XP, proxy: Proxy(), setWindowRect: true, strictFileInteractability: false, timeouts: {implicit: 0, pageLoad: 300000, script: 30000}, unhandledPromptBehavior: dismiss and notify}
Session ID: 39e40464ee7f79ebf3846f79702d9a59
*** Element info: {Using=xpath, value=//*[@id='page-content-wrapper']/div/div[1]/div[1]/h4}
at java.base/jdk.internal.reflect.NativeConstructorAccessorImpl.newInstance0(Native Method)
at java.base/jdk.internal.reflect.NativeConstructorAccessorImpl.newInstance(NativeConstructorAccessorImpl.java:62)
at java.base/jdk.internal.reflect.DelegatingConstructorAccessorImpl.newInstance(DelegatingConstructorAccessorImpl.java:45)
at java.base/java.lang.reflect.Constructor.newInstanceWithCaller(Constructor.java:500)
at java.base/java.lang.reflect.Constructor.newInstance(Constructor.java:481)
at org.openqa.selenium.remote.http.W3CHttpResponseCodec.createException(W3CHttpResponseCodec.java:187)
at org.openqa.selenium.remote.http.W3CHttpResponseCodec.decode(W3CHttpResponseCodec.java:122)
at org.openqa.selenium.remote.http.W3CHttpResponseCodec.decode(W3CHttpResponseCodec.java:49)
at org.openqa.selenium.remote.HttpCommandExecutor.execute(HttpCommandExecutor.java:158)
at org.openqa.selenium.remote.service.DriverCommandExecutor.execute(DriverCommandExecutor.java:83)
at org.openqa.selenium.remote.RemoteWebDriver.execute(RemoteWebDriver.java:552)
at org.openqa.selenium.remote.RemoteWebDriver.findElement(RemoteWebDriver.java:323)
at org.openqa.selenium.remote.RemoteWebDriver.findElementByXPath(RemoteWebDriver.java:428)
at org.openqa.selenium.By$ByXPath.findElement(By.java:353)
at org.openqa.selenium.remote.RemoteWebDriver.findElement(RemoteWebDriver.java:315)
at pageObject.Business.getNewBusiness(Business.java:55)
at Asgard.LoginPage.CCreateBusiness(LoginPage.java:92)
at java.base/jdk.internal.reflect.NativeMethodAccessorImpl.invoke0(Native Method)
at java.base/jdk.internal.reflect.NativeMethodAccessorImpl.invoke(NativeMethodAccessorImpl.java:62)
at java.base/jdk.internal.reflect.DelegatingMethodAccessorImpl.invoke(DelegatingMethodAccessorImpl.java:43)
at java.base/java.lang.reflect.Method.invoke(Method.java:567)
at org.testng.internal.MethodInvocationHelper.invokeMethod(MethodInvocationHelper.java:124)
at org.testng.internal.Invoker.invokeMethod(Invoker.java:583)
at org.testng.internal.Invoker.invokeTestMethod(Invoker.java:719)
at org.testng.internal.Invoker.invokeTestMethods(Invoker.java:989)
at org.testng.internal.TestMethodWorker.invokeTestMethods(TestMethodWorker.java:125)
at org.testng.internal.TestMethodWorker.run(TestMethodWorker.java:109)
at org.testng.TestRunner.privateRun(TestRunner.java:648)
at org.testng.TestRunner.run(TestRunner.java:505)
at org.testng.SuiteRunner.runTest(SuiteRunner.java:455)
at org.testng.SuiteRunner.runSequentially(SuiteRunner.java:450)
at org.testng.SuiteRunner.privateRun(SuiteRunner.java:415)
at org.testng.SuiteRunner.run(SuiteRunner.java:364)
at org.testng.SuiteRunnerWorker.runSuite(SuiteRunnerWorker.java:52)
at org.testng.SuiteRunnerWorker.run(SuiteRunnerWorker.java:84)
at org.testng.TestNG.runSuitesSequentially(TestNG.java:1208)
at org.testng.TestNG.runSuitesLocally(TestNG.java:1137)
at org.testng.TestNG.runSuites(TestNG.java:1049)
at org.testng.TestNG.run(TestNG.java:1017)
at org.testng.remote.AbstractRemoteTestNG.run(AbstractRemoteTestNG.java:115)
at org.testng.remote.RemoteTestNG.initAndRun(RemoteTestNG.java:251)
at org.testng.remote.RemoteTestNG.main(RemoteTestNG.java:77)
]]>
            </full-stacktrace>
          </exception> <!-- org.openqa.selenium.NoSuchElementException -->
          <reporter-output>
          </reporter-output>
        </test-method> <!-- CCreateBusiness -->
        <test-method signature="DCreateProfile(java.lang.String, java.lang.String, java.lang.String, java.lang.String, java.lang.String, java.lang.String, java.lang.String, java.lang.String, java.lang.String, java.lang.String, java.lang.String, java.lang.String)[pri:0, instance:Asgard.LoginPage@42a15bdc]" started-at="2019-12-25T06:49:28Z" name="DCreateProfile" description="Verify that user is able to create profile" data-provider="getData" finished-at="2019-12-25T06:50:13Z" duration-ms="45027" status="PASS">
          <params>
            <param index="0">
              <value>
                <![CDATA[viral.p@milestoneinternet.com]]>
              </value>
            </param>
            <param index="1">
              <value>
                <![CDATA[New@1212]]>
              </value>
            </param>
            <param index="2">
              <value>
                <![CDATA[https://u-asgard.azurewebsites.net/account/login]]>
              </value>
            </param>
            <param index="3">
              <value>
                <![CDATA[https://u-asgard.azurewebsites.net/dashboard]]>
              </value>
            </param>
            <param index="4">
              <value>
                <![CDATA[New Business]]>
              </value>
            </param>
            <param index="5">
              <value>
                <![CDATA[14569884]]>
              </value>
            </param>
            <param index="6">
              <value>
                <![CDATA[New Hotel Los Gatos]]>
              </value>
            </param>
            <param index="7">
              <value>
                <![CDATA[Auto]]>
              </value>
            </param>
            <param index="8">
              <value>
                <![CDATA[tuv@gmail.com]]>
              </value>
            </param>
            <param index="9">
              <value>
                <![CDATA[AutoFN]]>
              </value>
            </param>
            <param index="10">
              <value>
                <![CDATA[AutoLN]]>
              </value>
            </param>
            <param index="11">
              <value>
                <![CDATA[Accounting]]>
              </value>
            </param>
          </params>
          <reporter-output>
          </reporter-output>
        </test-method> <!-- DCreateProfile -->
        <test-method signature="ECreateUser(java.lang.String, java.lang.String, java.lang.String, java.lang.String, java.lang.String, java.lang.String, java.lang.String, java.lang.String, java.lang.String, java.lang.String, java.lang.String, java.lang.String)[pri:0, instance:Asgard.LoginPage@42a15bdc]" started-at="2019-12-25T06:50:13Z" name="ECreateUser" description="Verify that user is able to create user" data-provider="getData" finished-at="2019-12-25T06:51:38Z" duration-ms="84221" status="FAIL">
          <params>
            <param index="0">
              <value>
                <![CDATA[viral.p@milestoneinternet.com]]>
              </value>
            </param>
            <param index="1">
              <value>
                <![CDATA[New@1212]]>
              </value>
            </param>
            <param index="2">
              <value>
                <![CDATA[https://u-asgard.azurewebsites.net/account/login]]>
              </value>
            </param>
            <param index="3">
              <value>
                <![CDATA[https://u-asgard.azurewebsites.net/dashboard]]>
              </value>
            </param>
            <param index="4">
              <value>
                <![CDATA[New Business]]>
              </value>
            </param>
            <param index="5">
              <value>
                <![CDATA[14569884]]>
              </value>
            </param>
            <param index="6">
              <value>
                <![CDATA[New Hotel Los Gatos]]>
              </value>
            </param>
            <param index="7">
              <value>
                <![CDATA[Auto]]>
              </value>
            </param>
            <param index="8">
              <value>
                <![CDATA[tuv@gmail.com]]>
              </value>
            </param>
            <param index="9">
              <value>
                <![CDATA[AutoFN]]>
              </value>
            </param>
            <param index="10">
              <value>
                <![CDATA[AutoLN]]>
              </value>
            </param>
            <param index="11">
              <value>
                <![CDATA[Accounting]]>
              </value>
            </param>
          </params>
          <exception class="org.openqa.selenium.NoSuchElementException">
            <message>
              <![CDATA[no such element: Unable to locate element: {"method":"xpath","selector":"//*[@id='agencyform']/mdb-tabset/div/div/div[2]/div/mdb-tab[1]/div[1]/div/a[2]"}
  (Session info: chrome=79.0.3945.79)
For documentation on this error, please visit: https://www.seleniumhq.org/exceptions/no_such_element.html
Build info: version: '3.141.59', revision: 'e82be7d358', time: '2018-11-14T08:17:03'
System info: host: 'MSI-C165', ip: '192.168.3.170', os.name: 'Windows 10', os.arch: 'amd64', os.version: '10.0', java.version: '13.0.1'
Driver info: org.openqa.selenium.chrome.ChromeDriver
Capabilities {acceptInsecureCerts: false, browserName: chrome, browserVersion: 79.0.3945.79, chrome: {chromedriverVersion: 78.0.3904.70 (edb9c9f3de024..., userDataDir: C:\Users\viral.p\AppData\Lo...}, goog:chromeOptions: {debuggerAddress: localhost:61596}, javascriptEnabled: true, networkConnectionEnabled: false, pageLoadStrategy: normal, platform: XP, platformName: XP, proxy: Proxy(), setWindowRect: true, strictFileInteractability: false, timeouts: {implicit: 0, pageLoad: 300000, script: 30000}, unhandledPromptBehavior: dismiss and notify}
Session ID: 6590dbf169a7080a84c27e3bca86e1de
*** Element info: {Using=xpath, value=//*[@id='agencyform']/mdb-tabset/div/div/div[2]/div/mdb-tab[1]/div[1]/div/a[2]}]]>
            </message>
            <full-stacktrace>
              <![CDATA[org.openqa.selenium.NoSuchElementException: no such element: Unable to locate element: {"method":"xpath","selector":"//*[@id='agencyform']/mdb-tabset/div/div/div[2]/div/mdb-tab[1]/div[1]/div/a[2]"}
  (Session info: chrome=79.0.3945.79)
For documentation on this error, please visit: https://www.seleniumhq.org/exceptions/no_such_element.html
Build info: version: '3.141.59', revision: 'e82be7d358', time: '2018-11-14T08:17:03'
System info: host: 'MSI-C165', ip: '192.168.3.170', os.name: 'Windows 10', os.arch: 'amd64', os.version: '10.0', java.version: '13.0.1'
Driver info: org.openqa.selenium.chrome.ChromeDriver
Capabilities {acceptInsecureCerts: false, browserName: chrome, browserVersion: 79.0.3945.79, chrome: {chromedriverVersion: 78.0.3904.70 (edb9c9f3de024..., userDataDir: C:\Users\viral.p\AppData\Lo...}, goog:chromeOptions: {debuggerAddress: localhost:61596}, javascriptEnabled: true, networkConnectionEnabled: false, pageLoadStrategy: normal, platform: XP, platformName: XP, proxy: Proxy(), setWindowRect: true, strictFileInteractability: false, timeouts: {implicit: 0, pageLoad: 300000, script: 30000}, unhandledPromptBehavior: dismiss and notify}
Session ID: 6590dbf169a7080a84c27e3bca86e1de
*** Element info: {Using=xpath, value=//*[@id='agencyform']/mdb-tabset/div/div/div[2]/div/mdb-tab[1]/div[1]/div/a[2]}
at java.base/jdk.internal.reflect.NativeConstructorAccessorImpl.newInstance0(Native Method)
at java.base/jdk.internal.reflect.NativeConstructorAccessorImpl.newInstance(NativeConstructorAccessorImpl.java:62)
at java.base/jdk.internal.reflect.DelegatingConstructorAccessorImpl.newInstance(DelegatingConstructorAccessorImpl.java:45)
at java.base/java.lang.reflect.Constructor.newInstanceWithCaller(Constructor.java:500)
at java.base/java.lang.reflect.Constructor.newInstance(Constructor.java:481)
at org.openqa.selenium.remote.http.W3CHttpResponseCodec.createException(W3CHttpResponseCodec.java:187)
at org.openqa.selenium.remote.http.W3CHttpResponseCodec.decode(W3CHttpResponseCodec.java:122)
at org.openqa.selenium.remote.http.W3CHttpResponseCodec.decode(W3CHttpResponseCodec.java:49)
at org.openqa.selenium.remote.HttpCommandExecutor.execute(HttpCommandExecutor.java:158)
at org.openqa.selenium.remote.service.DriverCommandExecutor.execute(DriverCommandExecutor.java:83)
at org.openqa.selenium.remote.RemoteWebDriver.execute(RemoteWebDriver.java:552)
at org.openqa.selenium.remote.RemoteWebDriver.findElement(RemoteWebDriver.java:323)
at org.openqa.selenium.remote.RemoteWebDriver.findElementByXPath(RemoteWebDriver.java:428)
at org.openqa.selenium.By$ByXPath.findElement(By.java:353)
at org.openqa.selenium.remote.RemoteWebDriver.findElement(RemoteWebDriver.java:315)
at pageObject.User.getSaveBtn(User.java:92)
at Asgard.LoginPage.ECreateUser(LoginPage.java:154)
at java.base/jdk.internal.reflect.NativeMethodAccessorImpl.invoke0(Native Method)
at java.base/jdk.internal.reflect.NativeMethodAccessorImpl.invoke(NativeMethodAccessorImpl.java:62)
at java.base/jdk.internal.reflect.DelegatingMethodAccessorImpl.invoke(DelegatingMethodAccessorImpl.java:43)
at java.base/java.lang.reflect.Method.invoke(Method.java:567)
at org.testng.internal.MethodInvocationHelper.invokeMethod(MethodInvocationHelper.java:124)
at org.testng.internal.Invoker.invokeMethod(Invoker.java:583)
at org.testng.internal.Invoker.invokeTestMethod(Invoker.java:719)
at org.testng.internal.Invoker.invokeTestMethods(Invoker.java:989)
at org.testng.internal.TestMethodWorker.invokeTestMethods(TestMethodWorker.java:125)
at org.testng.internal.TestMethodWorker.run(TestMethodWorker.java:109)
at org.testng.TestRunner.privateRun(TestRunner.java:648)
at org.testng.TestRunner.run(TestRunner.java:505)
at org.testng.SuiteRunner.runTest(SuiteRunner.java:455)
at org.testng.SuiteRunner.runSequentially(SuiteRunner.java:450)
at org.testng.SuiteRunner.privateRun(SuiteRunner.java:415)
at org.testng.SuiteRunner.run(SuiteRunner.java:364)
at org.testng.SuiteRunnerWorker.runSuite(SuiteRunnerWorker.java:52)
at org.testng.SuiteRunnerWorker.run(SuiteRunnerWorker.java:84)
at org.testng.TestNG.runSuitesSequentially(TestNG.java:1208)
at org.testng.TestNG.runSuitesLocally(TestNG.java:1137)
at org.testng.TestNG.runSuites(TestNG.java:1049)
at org.testng.TestNG.run(TestNG.java:1017)
at org.testng.remote.AbstractRemoteTestNG.run(AbstractRemoteTestNG.java:115)
at org.testng.remote.RemoteTestNG.initAndRun(RemoteTestNG.java:251)
at org.testng.remote.RemoteTestNG.main(RemoteTestNG.java:77)
]]>
            </full-stacktrace>
          </exception> <!-- org.openqa.selenium.NoSuchElementException -->
          <reporter-output>
          </reporter-output>
        </test-method> <!-- ECreateUser -->
        <test-method signature="FEditBusiness(java.lang.String, java.lang.String, java.lang.String, java.lang.String, java.lang.String, java.lang.String, java.lang.String, java.lang.String, java.lang.String, java.lang.String, java.lang.String, java.lang.String)[pri:0, instance:Asgard.LoginPage@42a15bdc]" started-at="2019-12-25T06:51:38Z" name="FEditBusiness" description="Verify that user is able to edit business" data-provider="getData" finished-at="2019-12-25T06:52:44Z" duration-ms="66156" status="PASS">
          <params>
            <param index="0">
              <value>
                <![CDATA[viral.p@milestoneinternet.com]]>
              </value>
            </param>
            <param index="1">
              <value>
                <![CDATA[New@1212]]>
              </value>
            </param>
            <param index="2">
              <value>
                <![CDATA[https://u-asgard.azurewebsites.net/account/login]]>
              </value>
            </param>
            <param index="3">
              <value>
                <![CDATA[https://u-asgard.azurewebsites.net/dashboard]]>
              </value>
            </param>
            <param index="4">
              <value>
                <![CDATA[New Business]]>
              </value>
            </param>
            <param index="5">
              <value>
                <![CDATA[14569884]]>
              </value>
            </param>
            <param index="6">
              <value>
                <![CDATA[New Hotel Los Gatos]]>
              </value>
            </param>
            <param index="7">
              <value>
                <![CDATA[Auto]]>
              </value>
            </param>
            <param index="8">
              <value>
                <![CDATA[tuv@gmail.com]]>
              </value>
            </param>
            <param index="9">
              <value>
                <![CDATA[AutoFN]]>
              </value>
            </param>
            <param index="10">
              <value>
                <![CDATA[AutoLN]]>
              </value>
            </param>
            <param index="11">
              <value>
                <![CDATA[Accounting]]>
              </value>
            </param>
          </params>
          <reporter-output>
          </reporter-output>
        </test-method> <!-- FEditBusiness -->
        <test-method signature="GEditProfile(java.lang.String, java.lang.String, java.lang.String, java.lang.String, java.lang.String, java.lang.String, java.lang.String, java.lang.String, java.lang.String, java.lang.String, java.lang.String, java.lang.String)[pri:0, instance:Asgard.LoginPage@42a15bdc]" started-at="2019-12-25T06:52:44Z" name="GEditProfile" description="Verify that user is able to edit profile" data-provider="getData" finished-at="2019-12-25T06:54:01Z" duration-ms="76799" status="PASS">
          <params>
            <param index="0">
              <value>
                <![CDATA[viral.p@milestoneinternet.com]]>
              </value>
            </param>
            <param index="1">
              <value>
                <![CDATA[New@1212]]>
              </value>
            </param>
            <param index="2">
              <value>
                <![CDATA[https://u-asgard.azurewebsites.net/account/login]]>
              </value>
            </param>
            <param index="3">
              <value>
                <![CDATA[https://u-asgard.azurewebsites.net/dashboard]]>
              </value>
            </param>
            <param index="4">
              <value>
                <![CDATA[New Business]]>
              </value>
            </param>
            <param index="5">
              <value>
                <![CDATA[14569884]]>
              </value>
            </param>
            <param index="6">
              <value>
                <![CDATA[New Hotel Los Gatos]]>
              </value>
            </param>
            <param index="7">
              <value>
                <![CDATA[Auto]]>
              </value>
            </param>
            <param index="8">
              <value>
                <![CDATA[tuv@gmail.com]]>
              </value>
            </param>
            <param index="9">
              <value>
                <![CDATA[AutoFN]]>
              </value>
            </param>
            <param index="10">
              <value>
                <![CDATA[AutoLN]]>
              </value>
            </param>
            <param index="11">
              <value>
                <![CDATA[Accounting]]>
              </value>
            </param>
          </params>
          <reporter-output>
          </reporter-output>
        </test-method> <!-- GEditProfile -->
        <test-method signature="HEditUser(java.lang.String, java.lang.String, java.lang.String, java.lang.String, java.lang.String, java.lang.String, java.lang.String, java.lang.String, java.lang.String, java.lang.String, java.lang.String, java.lang.String)[pri:0, instance:Asgard.LoginPage@42a15bdc]" started-at="2019-12-25T06:54:01Z" name="HEditUser" description="Verify that user is able to edit user" data-provider="getData" finished-at="2019-12-25T06:55:36Z" duration-ms="94993" status="FAIL">
          <params>
            <param index="0">
              <value>
                <![CDATA[viral.p@milestoneinternet.com]]>
              </value>
            </param>
            <param index="1">
              <value>
                <![CDATA[New@1212]]>
              </value>
            </param>
            <param index="2">
              <value>
                <![CDATA[https://u-asgard.azurewebsites.net/account/login]]>
              </value>
            </param>
            <param index="3">
              <value>
                <![CDATA[https://u-asgard.azurewebsites.net/dashboard]]>
              </value>
            </param>
            <param index="4">
              <value>
                <![CDATA[New Business]]>
              </value>
            </param>
            <param index="5">
              <value>
                <![CDATA[14569884]]>
              </value>
            </param>
            <param index="6">
              <value>
                <![CDATA[New Hotel Los Gatos]]>
              </value>
            </param>
            <param index="7">
              <value>
                <![CDATA[Auto]]>
              </value>
            </param>
            <param index="8">
              <value>
                <![CDATA[tuv@gmail.com]]>
              </value>
            </param>
            <param index="9">
              <value>
                <![CDATA[AutoFN]]>
              </value>
            </param>
            <param index="10">
              <value>
                <![CDATA[AutoLN]]>
              </value>
            </param>
            <param index="11">
              <value>
                <![CDATA[Accounting]]>
              </value>
            </param>
          </params>
          <exception class="org.openqa.selenium.NoSuchElementException">
            <message>
              <![CDATA[no such element: Unable to locate element: {"method":"xpath","selector":"//*[@id='page-content-wrapper']/div/div[1]/div[1]/h4"}
  (Session info: chrome=79.0.3945.79)
For documentation on this error, please visit: https://www.seleniumhq.org/exceptions/no_such_element.html
Build info: version: '3.141.59', revision: 'e82be7d358', time: '2018-11-14T08:17:03'
System info: host: 'MSI-C165', ip: '192.168.3.170', os.name: 'Windows 10', os.arch: 'amd64', os.version: '10.0', java.version: '13.0.1'
Driver info: org.openqa.selenium.chrome.ChromeDriver
Capabilities {acceptInsecureCerts: false, browserName: chrome, browserVersion: 79.0.3945.79, chrome: {chromedriverVersion: 78.0.3904.70 (edb9c9f3de024..., userDataDir: C:\Users\viral.p\AppData\Lo...}, goog:chromeOptions: {debuggerAddress: localhost:61750}, javascriptEnabled: true, networkConnectionEnabled: false, pageLoadStrategy: normal, platform: XP, platformName: XP, proxy: Proxy(), setWindowRect: true, strictFileInteractability: false, timeouts: {implicit: 0, pageLoad: 300000, script: 30000}, unhandledPromptBehavior: dismiss and notify}
Session ID: 69c0c4ca51e1601d07a2fdeaefd3642c
*** Element info: {Using=xpath, value=//*[@id='page-content-wrapper']/div/div[1]/div[1]/h4}]]>
            </message>
            <full-stacktrace>
              <![CDATA[org.openqa.selenium.NoSuchElementException: no such element: Unable to locate element: {"method":"xpath","selector":"//*[@id='page-content-wrapper']/div/div[1]/div[1]/h4"}
  (Session info: chrome=79.0.3945.79)
For documentation on this error, please visit: https://www.seleniumhq.org/exceptions/no_such_element.html
Build info: version: '3.141.59', revision: 'e82be7d358', time: '2018-11-14T08:17:03'
System info: host: 'MSI-C165', ip: '192.168.3.170', os.name: 'Windows 10', os.arch: 'amd64', os.version: '10.0', java.version: '13.0.1'
Driver info: org.openqa.selenium.chrome.ChromeDriver
Capabilities {acceptInsecureCerts: false, browserName: chrome, browserVersion: 79.0.3945.79, chrome: {chromedriverVersion: 78.0.3904.70 (edb9c9f3de024..., userDataDir: C:\Users\viral.p\AppData\Lo...}, goog:chromeOptions: {debuggerAddress: localhost:61750}, javascriptEnabled: true, networkConnectionEnabled: false, pageLoadStrategy: normal, platform: XP, platformName: XP, proxy: Proxy(), setWindowRect: true, strictFileInteractability: false, timeouts: {implicit: 0, pageLoad: 300000, script: 30000}, unhandledPromptBehavior: dismiss and notify}
Session ID: 69c0c4ca51e1601d07a2fdeaefd3642c
*** Element info: {Using=xpath, value=//*[@id='page-content-wrapper']/div/div[1]/div[1]/h4}
at java.base/jdk.internal.reflect.NativeConstructorAccessorImpl.newInstance0(Native Method)
at java.base/jdk.internal.reflect.NativeConstructorAccessorImpl.newInstance(NativeConstructorAccessorImpl.java:62)
at java.base/jdk.internal.reflect.DelegatingConstructorAccessorImpl.newInstance(DelegatingConstructorAccessorImpl.java:45)
at java.base/java.lang.reflect.Constructor.newInstanceWithCaller(Constructor.java:500)
at java.base/java.lang.reflect.Constructor.newInstance(Constructor.java:481)
at org.openqa.selenium.remote.http.W3CHttpResponseCodec.createException(W3CHttpResponseCodec.java:187)
at org.openqa.selenium.remote.http.W3CHttpResponseCodec.decode(W3CHttpResponseCodec.java:122)
at org.openqa.selenium.remote.http.W3CHttpResponseCodec.decode(W3CHttpResponseCodec.java:49)
at org.openqa.selenium.remote.HttpCommandExecutor.execute(HttpCommandExecutor.java:158)
at org.openqa.selenium.remote.service.DriverCommandExecutor.execute(DriverCommandExecutor.java:83)
at org.openqa.selenium.remote.RemoteWebDriver.execute(RemoteWebDriver.java:552)
at org.openqa.selenium.remote.RemoteWebDriver.findElement(RemoteWebDriver.java:323)
at org.openqa.selenium.remote.RemoteWebDriver.findElementByXPath(RemoteWebDriver.java:428)
at org.openqa.selenium.By$ByXPath.findElement(By.java:353)
at org.openqa.selenium.remote.RemoteWebDriver.findElement(RemoteWebDriver.java:315)
at pageObject.User.getNewUser(User.java:97)
at Asgard.LoginPage.HEditUser(LoginPage.java:280)
at java.base/jdk.internal.reflect.NativeMethodAccessorImpl.invoke0(Native Method)
at java.base/jdk.internal.reflect.NativeMethodAccessorImpl.invoke(NativeMethodAccessorImpl.java:62)
at java.base/jdk.internal.reflect.DelegatingMethodAccessorImpl.invoke(DelegatingMethodAccessorImpl.java:43)
at java.base/java.lang.reflect.Method.invoke(Method.java:567)
at org.testng.internal.MethodInvocationHelper.invokeMethod(MethodInvocationHelper.java:124)
at org.testng.internal.Invoker.invokeMethod(Invoker.java:583)
at org.testng.internal.Invoker.invokeTestMethod(Invoker.java:719)
at org.testng.internal.Invoker.invokeTestMethods(Invoker.java:989)
at org.testng.internal.TestMethodWorker.invokeTestMethods(TestMethodWorker.java:125)
at org.testng.internal.TestMethodWorker.run(TestMethodWorker.java:109)
at org.testng.TestRunner.privateRun(TestRunner.java:648)
at org.testng.TestRunner.run(TestRunner.java:505)
at org.testng.SuiteRunner.runTest(SuiteRunner.java:455)
at org.testng.SuiteRunner.runSequentially(SuiteRunner.java:450)
at org.testng.SuiteRunner.privateRun(SuiteRunner.java:415)
at org.testng.SuiteRunner.run(SuiteRunner.java:364)
at org.testng.SuiteRunnerWorker.runSuite(SuiteRunnerWorker.java:52)
at org.testng.SuiteRunnerWorker.run(SuiteRunnerWorker.java:84)
at org.testng.TestNG.runSuitesSequentially(TestNG.java:1208)
at org.testng.TestNG.runSuitesLocally(TestNG.java:1137)
at org.testng.TestNG.runSuites(TestNG.java:1049)
at org.testng.TestNG.run(TestNG.java:1017)
at org.testng.remote.AbstractRemoteTestNG.run(AbstractRemoteTestNG.java:115)
at org.testng.remote.RemoteTestNG.initAndRun(RemoteTestNG.java:251)
at org.testng.remote.RemoteTestNG.main(RemoteTestNG.java:77)
]]>
            </full-stacktrace>
          </exception> <!-- org.openqa.selenium.NoSuchElementException -->
          <reporter-output>
          </reporter-output>
        </test-method> <!-- HEditUser -->
        <test-method signature="IAddCompetitor(java.lang.String, java.lang.String, java.lang.String, java.lang.String, java.lang.String, java.lang.String, java.lang.String, java.lang.String, java.lang.String, java.lang.String, java.lang.String, java.lang.String)[pri:0, instance:Asgard.LoginPage@42a15bdc]" started-at="2019-12-25T06:55:36Z" name="IAddCompetitor" description="Verify that user is able to add competitor" data-provider="getData" finished-at="2019-12-25T06:56:58Z" duration-ms="81941" status="FAIL">
          <params>
            <param index="0">
              <value>
                <![CDATA[viral.p@milestoneinternet.com]]>
              </value>
            </param>
            <param index="1">
              <value>
                <![CDATA[New@1212]]>
              </value>
            </param>
            <param index="2">
              <value>
                <![CDATA[https://u-asgard.azurewebsites.net/account/login]]>
              </value>
            </param>
            <param index="3">
              <value>
                <![CDATA[https://u-asgard.azurewebsites.net/dashboard]]>
              </value>
            </param>
            <param index="4">
              <value>
                <![CDATA[New Business]]>
              </value>
            </param>
            <param index="5">
              <value>
                <![CDATA[14569884]]>
              </value>
            </param>
            <param index="6">
              <value>
                <![CDATA[New Hotel Los Gatos]]>
              </value>
            </param>
            <param index="7">
              <value>
                <![CDATA[Auto]]>
              </value>
            </param>
            <param index="8">
              <value>
                <![CDATA[tuv@gmail.com]]>
              </value>
            </param>
            <param index="9">
              <value>
                <![CDATA[AutoFN]]>
              </value>
            </param>
            <param index="10">
              <value>
                <![CDATA[AutoLN]]>
              </value>
            </param>
            <param index="11">
              <value>
                <![CDATA[Accounting]]>
              </value>
            </param>
          </params>
          <exception class="java.lang.NullPointerException">
            <full-stacktrace>
              <![CDATA[java.lang.NullPointerException
at pageObject.ProfileComp.selectCompCountry(ProfileComp.java:67)
at Asgard.LoginPage.IAddCompetitor(LoginPage.java:198)
at java.base/jdk.internal.reflect.NativeMethodAccessorImpl.invoke0(Native Method)
at java.base/jdk.internal.reflect.NativeMethodAccessorImpl.invoke(NativeMethodAccessorImpl.java:62)
at java.base/jdk.internal.reflect.DelegatingMethodAccessorImpl.invoke(DelegatingMethodAccessorImpl.java:43)
at java.base/java.lang.reflect.Method.invoke(Method.java:567)
at org.testng.internal.MethodInvocationHelper.invokeMethod(MethodInvocationHelper.java:124)
at org.testng.internal.Invoker.invokeMethod(Invoker.java:583)
at org.testng.internal.Invoker.invokeTestMethod(Invoker.java:719)
at org.testng.internal.Invoker.invokeTestMethods(Invoker.java:989)
at org.testng.internal.TestMethodWorker.invokeTestMethods(TestMethodWorker.java:125)
at org.testng.internal.TestMethodWorker.run(TestMethodWorker.java:109)
at org.testng.TestRunner.privateRun(TestRunner.java:648)
at org.testng.TestRunner.run(TestRunner.java:505)
at org.testng.SuiteRunner.runTest(SuiteRunner.java:455)
at org.testng.SuiteRunner.runSequentially(SuiteRunner.java:450)
at org.testng.SuiteRunner.privateRun(SuiteRunner.java:415)
at org.testng.SuiteRunner.run(SuiteRunner.java:364)
at org.testng.SuiteRunnerWorker.runSuite(SuiteRunnerWorker.java:52)
at org.testng.SuiteRunnerWorker.run(SuiteRunnerWorker.java:84)
at org.testng.TestNG.runSuitesSequentially(TestNG.java:1208)
at org.testng.TestNG.runSuitesLocally(TestNG.java:1137)
at org.testng.TestNG.runSuites(TestNG.java:1049)
at org.testng.TestNG.run(TestNG.java:1017)
at org.testng.remote.AbstractRemoteTestNG.run(AbstractRemoteTestNG.java:115)
at org.testng.remote.RemoteTestNG.initAndRun(RemoteTestNG.java:251)
at org.testng.remote.RemoteTestNG.main(RemoteTestNG.java:77)
]]>
            </full-stacktrace>
          </exception> <!-- java.lang.NullPointerException -->
          <reporter-output>
          </reporter-output>
        </test-method> <!-- IAddCompetitor -->
        <test-method signature="JDeleteCompetitor(java.lang.String, java.lang.String, java.lang.String, java.lang.String, java.lang.String, java.lang.String, java.lang.String, java.lang.String, java.lang.String, java.lang.String, java.lang.String, java.lang.String)[pri:0, instance:Asgard.LoginPage@42a15bdc]" started-at="2019-12-25T06:56:58Z" name="JDeleteCompetitor" description="Verify that user is able to delete competitor" data-provider="getData" finished-at="2019-12-25T06:58:18Z" duration-ms="80002" status="FAIL">
          <params>
            <param index="0">
              <value>
                <![CDATA[viral.p@milestoneinternet.com]]>
              </value>
            </param>
            <param index="1">
              <value>
                <![CDATA[New@1212]]>
              </value>
            </param>
            <param index="2">
              <value>
                <![CDATA[https://u-asgard.azurewebsites.net/account/login]]>
              </value>
            </param>
            <param index="3">
              <value>
                <![CDATA[https://u-asgard.azurewebsites.net/dashboard]]>
              </value>
            </param>
            <param index="4">
              <value>
                <![CDATA[New Business]]>
              </value>
            </param>
            <param index="5">
              <value>
                <![CDATA[14569884]]>
              </value>
            </param>
            <param index="6">
              <value>
                <![CDATA[New Hotel Los Gatos]]>
              </value>
            </param>
            <param index="7">
              <value>
                <![CDATA[Auto]]>
              </value>
            </param>
            <param index="8">
              <value>
                <![CDATA[tuv@gmail.com]]>
              </value>
            </param>
            <param index="9">
              <value>
                <![CDATA[AutoFN]]>
              </value>
            </param>
            <param index="10">
              <value>
                <![CDATA[AutoLN]]>
              </value>
            </param>
            <param index="11">
              <value>
                <![CDATA[Accounting]]>
              </value>
            </param>
          </params>
          <exception class="org.openqa.selenium.NoSuchElementException">
            <message>
              <![CDATA[no such element: Unable to locate element: {"method":"xpath","selector":"//*[@id='basic-info']/mdb-tabset/div/div/div[2]/div/mdb-tab[4]/mim-asgard-settings/mdb-tabset/div/div/div[2]/div/mdb-tab[4]/app-competitors/div/div[1]/div[3]/div/div/table/tbody/tr/td[1]/div/label"}
  (Session info: chrome=79.0.3945.79)
For documentation on this error, please visit: https://www.seleniumhq.org/exceptions/no_such_element.html
Build info: version: '3.141.59', revision: 'e82be7d358', time: '2018-11-14T08:17:03'
System info: host: 'MSI-C165', ip: '192.168.3.170', os.name: 'Windows 10', os.arch: 'amd64', os.version: '10.0', java.version: '13.0.1'
Driver info: org.openqa.selenium.chrome.ChromeDriver
Capabilities {acceptInsecureCerts: false, browserName: chrome, browserVersion: 79.0.3945.79, chrome: {chromedriverVersion: 78.0.3904.70 (edb9c9f3de024..., userDataDir: C:\Users\viral.p\AppData\Lo...}, goog:chromeOptions: {debuggerAddress: localhost:61852}, javascriptEnabled: true, networkConnectionEnabled: false, pageLoadStrategy: normal, platform: XP, platformName: XP, proxy: Proxy(), setWindowRect: true, strictFileInteractability: false, timeouts: {implicit: 0, pageLoad: 300000, script: 30000}, unhandledPromptBehavior: dismiss and notify}
Session ID: e0f86dddce42729cae4ec1c1ad5f9fbd
*** Element info: {Using=xpath, value=//*[@id='basic-info']/mdb-tabset/div/div/div[2]/div/mdb-tab[4]/mim-asgard-settings/mdb-tabset/div/div/div[2]/div/mdb-tab[4]/app-competitors/div/div[1]/div[3]/div/div/table/tbody/tr/td[1]/div/label}]]>
            </message>
            <full-stacktrace>
              <![CDATA[org.openqa.selenium.NoSuchElementException: no such element: Unable to locate element: {"method":"xpath","selector":"//*[@id='basic-info']/mdb-tabset/div/div/div[2]/div/mdb-tab[4]/mim-asgard-settings/mdb-tabset/div/div/div[2]/div/mdb-tab[4]/app-competitors/div/div[1]/div[3]/div/div/table/tbody/tr/td[1]/div/label"}
  (Session info: chrome=79.0.3945.79)
For documentation on this error, please visit: https://www.seleniumhq.org/exceptions/no_such_element.html
Build info: version: '3.141.59', revision: 'e82be7d358', time: '2018-11-14T08:17:03'
System info: host: 'MSI-C165', ip: '192.168.3.170', os.name: 'Windows 10', os.arch: 'amd64', os.version: '10.0', java.version: '13.0.1'
Driver info: org.openqa.selenium.chrome.ChromeDriver
Capabilities {acceptInsecureCerts: false, browserName: chrome, browserVersion: 79.0.3945.79, chrome: {chromedriverVersion: 78.0.3904.70 (edb9c9f3de024..., userDataDir: C:\Users\viral.p\AppData\Lo...}, goog:chromeOptions: {debuggerAddress: localhost:61852}, javascriptEnabled: true, networkConnectionEnabled: false, pageLoadStrategy: normal, platform: XP, platformName: XP, proxy: Proxy(), setWindowRect: true, strictFileInteractability: false, timeouts: {implicit: 0, pageLoad: 300000, script: 30000}, unhandledPromptBehavior: dismiss and notify}
Session ID: e0f86dddce42729cae4ec1c1ad5f9fbd
*** Element info: {Using=xpath, value=//*[@id='basic-info']/mdb-tabset/div/div/div[2]/div/mdb-tab[4]/mim-asgard-settings/mdb-tabset/div/div/div[2]/div/mdb-tab[4]/app-competitors/div/div[1]/div[3]/div/div/table/tbody/tr/td[1]/div/label}
at java.base/jdk.internal.reflect.NativeConstructorAccessorImpl.newInstance0(Native Method)
at java.base/jdk.internal.reflect.NativeConstructorAccessorImpl.newInstance(NativeConstructorAccessorImpl.java:62)
at java.base/jdk.internal.reflect.DelegatingConstructorAccessorImpl.newInstance(DelegatingConstructorAccessorImpl.java:45)
at java.base/java.lang.reflect.Constructor.newInstanceWithCaller(Constructor.java:500)
at java.base/java.lang.reflect.Constructor.newInstance(Constructor.java:481)
at org.openqa.selenium.remote.http.W3CHttpResponseCodec.createException(W3CHttpResponseCodec.java:187)
at org.openqa.selenium.remote.http.W3CHttpResponseCodec.decode(W3CHttpResponseCodec.java:122)
at org.openqa.selenium.remote.http.W3CHttpResponseCodec.decode(W3CHttpResponseCodec.java:49)
at org.openqa.selenium.remote.HttpCommandExecutor.execute(HttpCommandExecutor.java:158)
at org.openqa.selenium.remote.service.DriverCommandExecutor.execute(DriverCommandExecutor.java:83)
at org.openqa.selenium.remote.RemoteWebDriver.execute(RemoteWebDriver.java:552)
at org.openqa.selenium.remote.RemoteWebDriver.findElement(RemoteWebDriver.java:323)
at org.openqa.selenium.remote.RemoteWebDriver.findElementByXPath(RemoteWebDriver.java:428)
at org.openqa.selenium.By$ByXPath.findElement(By.java:353)
at org.openqa.selenium.remote.RemoteWebDriver.findElement(RemoteWebDriver.java:315)
at pageObject.ProfileComp.getcheckboxComp(ProfileComp.java:179)
at Asgard.LoginPage.JDeleteCompetitor(LoginPage.java:346)
at java.base/jdk.internal.reflect.NativeMethodAccessorImpl.invoke0(Native Method)
at java.base/jdk.internal.reflect.NativeMethodAccessorImpl.invoke(NativeMethodAccessorImpl.java:62)
at java.base/jdk.internal.reflect.DelegatingMethodAccessorImpl.invoke(DelegatingMethodAccessorImpl.java:43)
at java.base/java.lang.reflect.Method.invoke(Method.java:567)
at org.testng.internal.MethodInvocationHelper.invokeMethod(MethodInvocationHelper.java:124)
at org.testng.internal.Invoker.invokeMethod(Invoker.java:583)
at org.testng.internal.Invoker.invokeTestMethod(Invoker.java:719)
at org.testng.internal.Invoker.invokeTestMethods(Invoker.java:989)
at org.testng.internal.TestMethodWorker.invokeTestMethods(TestMethodWorker.java:125)
at org.testng.internal.TestMethodWorker.run(TestMethodWorker.java:109)
at org.testng.TestRunner.privateRun(TestRunner.java:648)
at org.testng.TestRunner.run(TestRunner.java:505)
at org.testng.SuiteRunner.runTest(SuiteRunner.java:455)
at org.testng.SuiteRunner.runSequentially(SuiteRunner.java:450)
at org.testng.SuiteRunner.privateRun(SuiteRunner.java:415)
at org.testng.SuiteRunner.run(SuiteRunner.java:364)
at org.testng.SuiteRunnerWorker.runSuite(SuiteRunnerWorker.java:52)
at org.testng.SuiteRunnerWorker.run(SuiteRunnerWorker.java:84)
at org.testng.TestNG.runSuitesSequentially(TestNG.java:1208)
at org.testng.TestNG.runSuitesLocally(TestNG.java:1137)
at org.testng.TestNG.runSuites(TestNG.java:1049)
at org.testng.TestNG.run(TestNG.java:1017)
at org.testng.remote.AbstractRemoteTestNG.run(AbstractRemoteTestNG.java:115)
at org.testng.remote.RemoteTestNG.initAndRun(RemoteTestNG.java:251)
at org.testng.remote.RemoteTestNG.main(RemoteTestNG.java:77)
]]>
            </full-stacktrace>
          </exception> <!-- org.openqa.selenium.NoSuchElementException -->
          <reporter-output>
          </reporter-output>
        </test-method> <!-- JDeleteCompetitor -->
      </class> <!-- Asgard.LoginPage -->
    </test> <!-- Test -->
  </suite> <!-- Suite -->
</testng-results>
